<?xml version="1.0" encoding="UTF-8"?>
<testsuite xmlns:xsi="http://www.w3.org/2001/XMLSchema-instance" xsi:noNamespaceSchemaLocation="https://maven.apache.org/surefire/maven-surefire-plugin/xsd/surefire-test-report-3.0.xsd" version="3.0" name="au.edu.rmit.sept.webapp.Event.EventServiceTest" time="0.219" tests="22" errors="0" skipped="0" failures="0">
  <properties>
[...]
</properties>
  <testcase name="getUpcomingEventsForDashboard_shouldReturnSortedByDate" classname="au.edu.rmit.sept.webapp.Event.EventServiceTest" time="0.015">
    <system-out><![CDATA[2025-10-16T01:06:51.714+11:00  INFO 3119 --- [           main] t.c.s.AnnotationConfigContextLoaderUtils : Could not detect default configuration classes for test class [au.edu.rmit.sept.webapp.Event.EventServiceTest]: EventServiceTest does not declare any static, non-private, non-final, nested classes annotated with @Configuration.
2025-10-16T01:06:51.715+11:00  INFO 3119 --- [           main] .b.t.c.SpringBootTestContextBootstrapper : Found @SpringBootConfiguration au.edu.rmit.sept.webapp.WebappApplication for test class au.edu.rmit.sept.webapp.Event.EventServiceTest
Hibernate: select e1_0.event_id,e1_0.club_id,e1_0.event_date,e1_0.event_des,e1_0.event_tag,e1_0.event_title,e1_0.location,e1_0.price from event e1_0
Hibernate: select c1_0.club_id,c1_0.club_creation_date,c1_0.club_description,c1_0.club_name,c1_0.club_tag,c1_0.user_email from club c1_0 where c1_0.club_id=?
Hibernate: select c1_0.club_id,c1_0.club_creation_date,c1_0.club_description,c1_0.club_name,c1_0.club_tag,c1_0.user_email from club c1_0 where c1_0.club_id=?
Hibernate: select c1_0.club_id,c1_0.club_creation_date,c1_0.club_description,c1_0.club_name,c1_0.club_tag,c1_0.user_email from club c1_0 where c1_0.club_id=?
Hibernate: select c1_0.club_id,c1_0.club_creation_date,c1_0.club_description,c1_0.club_name,c1_0.club_tag,c1_0.user_email from club c1_0 where c1_0.club_id=?
Hibernate: select c1_0.club_id,c1_0.club_creation_date,c1_0.club_description,c1_0.club_name,c1_0.club_tag,c1_0.user_email from club c1_0
Hibernate: insert into club (club_creation_date,club_description,club_name,club_tag,user_email,club_id) values (?,?,?,?,?,default)
Hibernate: delete from event where event_id=?
Hibernate: delete from event where event_id=?
Hibernate: delete from event where event_id=?
Hibernate: delete from event where event_id=?
Hibernate: delete from event where event_id=?
Hibernate: delete from club where club_id=?
Hibernate: delete from club where club_id=?
Hibernate: delete from club where club_id=?
Hibernate: delete from club where club_id=?
Hibernate: select e1_0.event_id,e1_0.club_id,e1_0.event_date,e1_0.event_des,e1_0.event_tag,e1_0.event_title,e1_0.location,e1_0.price from event e1_0 where e1_0.club_id=? and e1_0.event_title=?
Hibernate: insert into event (club_id,event_date,event_des,event_tag,event_title,location,price,event_id) values (?,?,?,?,?,?,?,default)
Hibernate: select e1_0.event_id,e1_0.club_id,e1_0.event_date,e1_0.event_des,e1_0.event_tag,e1_0.event_title,e1_0.location,e1_0.price from event e1_0 where e1_0.club_id=? and e1_0.event_title=?
Hibernate: insert into event (club_id,event_date,event_des,event_tag,event_title,location,price,event_id) values (?,?,?,?,?,?,?,default)
Hibernate: select e1_0.event_id,e1_0.club_id,e1_0.event_date,e1_0.event_des,e1_0.event_tag,e1_0.event_title,e1_0.location,e1_0.price from event e1_0 where e1_0.club_id=? and e1_0.event_title=?
Hibernate: insert into event (club_id,event_date,event_des,event_tag,event_title,location,price,event_id) values (?,?,?,?,?,?,?,default)
Hibernate: select e1_0.event_id,e1_0.club_id,e1_0.event_date,e1_0.event_des,e1_0.event_tag,e1_0.event_title,e1_0.location,e1_0.price from event e1_0 where e1_0.event_date>=? order by e1_0.event_date fetch first ? rows only
]]></system-out>
  </testcase>
  <testcase name="createEvent_shouldThrowException_whenDuplicateTitle" classname="au.edu.rmit.sept.webapp.Event.EventServiceTest" time="0.013">
    <system-out><![CDATA[Hibernate: select e1_0.event_id,e1_0.club_id,e1_0.event_date,e1_0.event_des,e1_0.event_tag,e1_0.event_title,e1_0.location,e1_0.price from event e1_0
Hibernate: select c1_0.club_id,c1_0.club_creation_date,c1_0.club_description,c1_0.club_name,c1_0.club_tag,c1_0.user_email from club c1_0 where c1_0.club_id=?
Hibernate: select c1_0.club_id,c1_0.club_creation_date,c1_0.club_description,c1_0.club_name,c1_0.club_tag,c1_0.user_email from club c1_0 where c1_0.club_id=?
Hibernate: select c1_0.club_id,c1_0.club_creation_date,c1_0.club_description,c1_0.club_name,c1_0.club_tag,c1_0.user_email from club c1_0 where c1_0.club_id=?
Hibernate: select c1_0.club_id,c1_0.club_creation_date,c1_0.club_description,c1_0.club_name,c1_0.club_tag,c1_0.user_email from club c1_0 where c1_0.club_id=?
Hibernate: select c1_0.club_id,c1_0.club_creation_date,c1_0.club_description,c1_0.club_name,c1_0.club_tag,c1_0.user_email from club c1_0
Hibernate: insert into club (club_creation_date,club_description,club_name,club_tag,user_email,club_id) values (?,?,?,?,?,default)
Hibernate: delete from event where event_id=?
Hibernate: delete from event where event_id=?
Hibernate: delete from event where event_id=?
Hibernate: delete from event where event_id=?
Hibernate: delete from event where event_id=?
Hibernate: delete from club where club_id=?
Hibernate: delete from club where club_id=?
Hibernate: delete from club where club_id=?
Hibernate: delete from club where club_id=?
Hibernate: select e1_0.event_id,e1_0.club_id,e1_0.event_date,e1_0.event_des,e1_0.event_tag,e1_0.event_title,e1_0.location,e1_0.price from event e1_0 where e1_0.club_id=? and e1_0.event_title=?
Hibernate: insert into event (club_id,event_date,event_des,event_tag,event_title,location,price,event_id) values (?,?,?,?,?,?,?,default)
Hibernate: select e1_0.event_id,e1_0.club_id,e1_0.event_date,e1_0.event_des,e1_0.event_tag,e1_0.event_title,e1_0.location,e1_0.price from event e1_0 where e1_0.club_id=? and e1_0.event_title=?
]]></system-out>
  </testcase>
  <testcase name="createEvent_shouldThrowException_whenDateIsInPast" classname="au.edu.rmit.sept.webapp.Event.EventServiceTest" time="0.006">
    <system-out><![CDATA[Hibernate: select e1_0.event_id,e1_0.club_id,e1_0.event_date,e1_0.event_des,e1_0.event_tag,e1_0.event_title,e1_0.location,e1_0.price from event e1_0
Hibernate: select c1_0.club_id,c1_0.club_creation_date,c1_0.club_description,c1_0.club_name,c1_0.club_tag,c1_0.user_email from club c1_0 where c1_0.club_id=?
Hibernate: select c1_0.club_id,c1_0.club_creation_date,c1_0.club_description,c1_0.club_name,c1_0.club_tag,c1_0.user_email from club c1_0 where c1_0.club_id=?
Hibernate: select c1_0.club_id,c1_0.club_creation_date,c1_0.club_description,c1_0.club_name,c1_0.club_tag,c1_0.user_email from club c1_0 where c1_0.club_id=?
Hibernate: select c1_0.club_id,c1_0.club_creation_date,c1_0.club_description,c1_0.club_name,c1_0.club_tag,c1_0.user_email from club c1_0 where c1_0.club_id=?
Hibernate: select c1_0.club_id,c1_0.club_creation_date,c1_0.club_description,c1_0.club_name,c1_0.club_tag,c1_0.user_email from club c1_0
Hibernate: insert into club (club_creation_date,club_description,club_name,club_tag,user_email,club_id) values (?,?,?,?,?,default)
]]></system-out>
  </testcase>
  <testcase name="createEventWithNullClub_shouldThrowException" classname="au.edu.rmit.sept.webapp.Event.EventServiceTest" time="0.005">
    <system-out><![CDATA[Hibernate: select e1_0.event_id,e1_0.club_id,e1_0.event_date,e1_0.event_des,e1_0.event_tag,e1_0.event_title,e1_0.location,e1_0.price from event e1_0
Hibernate: select c1_0.club_id,c1_0.club_creation_date,c1_0.club_description,c1_0.club_name,c1_0.club_tag,c1_0.user_email from club c1_0 where c1_0.club_id=?
Hibernate: select c1_0.club_id,c1_0.club_creation_date,c1_0.club_description,c1_0.club_name,c1_0.club_tag,c1_0.user_email from club c1_0 where c1_0.club_id=?
Hibernate: select c1_0.club_id,c1_0.club_creation_date,c1_0.club_description,c1_0.club_name,c1_0.club_tag,c1_0.user_email from club c1_0 where c1_0.club_id=?
Hibernate: select c1_0.club_id,c1_0.club_creation_date,c1_0.club_description,c1_0.club_name,c1_0.club_tag,c1_0.user_email from club c1_0 where c1_0.club_id=?
Hibernate: select c1_0.club_id,c1_0.club_creation_date,c1_0.club_description,c1_0.club_name,c1_0.club_tag,c1_0.user_email from club c1_0
Hibernate: insert into club (club_creation_date,club_description,club_name,club_tag,user_email,club_id) values (?,?,?,?,?,default)
]]></system-out>
  </testcase>
  <testcase name="getEvents_shouldReturnSortedList" classname="au.edu.rmit.sept.webapp.Event.EventServiceTest" time="0.011">
    <system-out><![CDATA[Hibernate: select e1_0.event_id,e1_0.club_id,e1_0.event_date,e1_0.event_des,e1_0.event_tag,e1_0.event_title,e1_0.location,e1_0.price from event e1_0
Hibernate: select c1_0.club_id,c1_0.club_creation_date,c1_0.club_description,c1_0.club_name,c1_0.club_tag,c1_0.user_email from club c1_0 where c1_0.club_id=?
Hibernate: select c1_0.club_id,c1_0.club_creation_date,c1_0.club_description,c1_0.club_name,c1_0.club_tag,c1_0.user_email from club c1_0 where c1_0.club_id=?
Hibernate: select c1_0.club_id,c1_0.club_creation_date,c1_0.club_description,c1_0.club_name,c1_0.club_tag,c1_0.user_email from club c1_0 where c1_0.club_id=?
Hibernate: select c1_0.club_id,c1_0.club_creation_date,c1_0.club_description,c1_0.club_name,c1_0.club_tag,c1_0.user_email from club c1_0 where c1_0.club_id=?
Hibernate: select c1_0.club_id,c1_0.club_creation_date,c1_0.club_description,c1_0.club_name,c1_0.club_tag,c1_0.user_email from club c1_0
Hibernate: insert into club (club_creation_date,club_description,club_name,club_tag,user_email,club_id) values (?,?,?,?,?,default)
Hibernate: delete from event where event_id=?
Hibernate: delete from event where event_id=?
Hibernate: delete from event where event_id=?
Hibernate: delete from event where event_id=?
Hibernate: delete from event where event_id=?
Hibernate: delete from club where club_id=?
Hibernate: delete from club where club_id=?
Hibernate: delete from club where club_id=?
Hibernate: delete from club where club_id=?
Hibernate: select e1_0.event_id,e1_0.club_id,e1_0.event_date,e1_0.event_des,e1_0.event_tag,e1_0.event_title,e1_0.location,e1_0.price from event e1_0 where e1_0.club_id=? and e1_0.event_title=?
Hibernate: insert into event (club_id,event_date,event_des,event_tag,event_title,location,price,event_id) values (?,?,?,?,?,?,?,default)
Hibernate: select e1_0.event_id,e1_0.club_id,e1_0.event_date,e1_0.event_des,e1_0.event_tag,e1_0.event_title,e1_0.location,e1_0.price from event e1_0 where e1_0.club_id=? and e1_0.event_title=?
Hibernate: insert into event (club_id,event_date,event_des,event_tag,event_title,location,price,event_id) values (?,?,?,?,?,?,?,default)
Hibernate: select e1_0.event_id,e1_0.club_id,e1_0.event_date,e1_0.event_des,e1_0.event_tag,e1_0.event_title,e1_0.location,e1_0.price from event e1_0 order by e1_0.event_date
]]></system-out>
  </testcase>
  <testcase name="createEvent_shouldBeSaved_whenValid" classname="au.edu.rmit.sept.webapp.Event.EventServiceTest" time="0.01">
    <system-out><![CDATA[Hibernate: select e1_0.event_id,e1_0.club_id,e1_0.event_date,e1_0.event_des,e1_0.event_tag,e1_0.event_title,e1_0.location,e1_0.price from event e1_0
Hibernate: select c1_0.club_id,c1_0.club_creation_date,c1_0.club_description,c1_0.club_name,c1_0.club_tag,c1_0.user_email from club c1_0 where c1_0.club_id=?
Hibernate: select c1_0.club_id,c1_0.club_creation_date,c1_0.club_description,c1_0.club_name,c1_0.club_tag,c1_0.user_email from club c1_0 where c1_0.club_id=?
Hibernate: select c1_0.club_id,c1_0.club_creation_date,c1_0.club_description,c1_0.club_name,c1_0.club_tag,c1_0.user_email from club c1_0 where c1_0.club_id=?
Hibernate: select c1_0.club_id,c1_0.club_creation_date,c1_0.club_description,c1_0.club_name,c1_0.club_tag,c1_0.user_email from club c1_0 where c1_0.club_id=?
Hibernate: select c1_0.club_id,c1_0.club_creation_date,c1_0.club_description,c1_0.club_name,c1_0.club_tag,c1_0.user_email from club c1_0
Hibernate: insert into club (club_creation_date,club_description,club_name,club_tag,user_email,club_id) values (?,?,?,?,?,default)
Hibernate: delete from event where event_id=?
Hibernate: delete from event where event_id=?
Hibernate: delete from event where event_id=?
Hibernate: delete from event where event_id=?
Hibernate: delete from event where event_id=?
Hibernate: delete from club where club_id=?
Hibernate: delete from club where club_id=?
Hibernate: delete from club where club_id=?
Hibernate: delete from club where club_id=?
Hibernate: select e1_0.event_id,e1_0.club_id,e1_0.event_date,e1_0.event_des,e1_0.event_tag,e1_0.event_title,e1_0.location,e1_0.price from event e1_0 where e1_0.club_id=? and e1_0.event_title=?
Hibernate: insert into event (club_id,event_date,event_des,event_tag,event_title,location,price,event_id) values (?,?,?,?,?,?,?,default)
]]></system-out>
  </testcase>
  <testcase name="editEventById_shouldUpdateFields_whenEventExists" classname="au.edu.rmit.sept.webapp.Event.EventServiceTest" time="0.011">
    <system-out><![CDATA[Hibernate: select e1_0.event_id,e1_0.club_id,e1_0.event_date,e1_0.event_des,e1_0.event_tag,e1_0.event_title,e1_0.location,e1_0.price from event e1_0
Hibernate: select c1_0.club_id,c1_0.club_creation_date,c1_0.club_description,c1_0.club_name,c1_0.club_tag,c1_0.user_email from club c1_0 where c1_0.club_id=?
Hibernate: select c1_0.club_id,c1_0.club_creation_date,c1_0.club_description,c1_0.club_name,c1_0.club_tag,c1_0.user_email from club c1_0 where c1_0.club_id=?
Hibernate: select c1_0.club_id,c1_0.club_creation_date,c1_0.club_description,c1_0.club_name,c1_0.club_tag,c1_0.user_email from club c1_0 where c1_0.club_id=?
Hibernate: select c1_0.club_id,c1_0.club_creation_date,c1_0.club_description,c1_0.club_name,c1_0.club_tag,c1_0.user_email from club c1_0 where c1_0.club_id=?
Hibernate: select c1_0.club_id,c1_0.club_creation_date,c1_0.club_description,c1_0.club_name,c1_0.club_tag,c1_0.user_email from club c1_0
Hibernate: insert into club (club_creation_date,club_description,club_name,club_tag,user_email,club_id) values (?,?,?,?,?,default)
Hibernate: delete from event where event_id=?
Hibernate: delete from event where event_id=?
Hibernate: delete from event where event_id=?
Hibernate: delete from event where event_id=?
Hibernate: delete from event where event_id=?
Hibernate: delete from club where club_id=?
Hibernate: delete from club where club_id=?
Hibernate: delete from club where club_id=?
Hibernate: delete from club where club_id=?
Hibernate: select e1_0.event_id,e1_0.club_id,e1_0.event_date,e1_0.event_des,e1_0.event_tag,e1_0.event_title,e1_0.location,e1_0.price from event e1_0 where e1_0.club_id=? and e1_0.event_title=?
Hibernate: insert into event (club_id,event_date,event_des,event_tag,event_title,location,price,event_id) values (?,?,?,?,?,?,?,default)
Hibernate: insert into club (club_creation_date,club_description,club_name,club_tag,user_email,club_id) values (?,?,?,?,?,default)
Hibernate: select e1_0.event_id,e1_0.club_id,e1_0.event_date,e1_0.event_des,e1_0.event_tag,e1_0.event_title,e1_0.location,e1_0.price from event e1_0 where e1_0.event_id=?
]]></system-out>
  </testcase>
  <testcase name="getUpcomingEventsForDashboard_shouldReturnOnlyFutureEvents" classname="au.edu.rmit.sept.webapp.Event.EventServiceTest" time="0.011">
    <system-out><![CDATA[Hibernate: select e1_0.event_id,e1_0.club_id,e1_0.event_date,e1_0.event_des,e1_0.event_tag,e1_0.event_title,e1_0.location,e1_0.price from event e1_0
Hibernate: select c1_0.club_id,c1_0.club_creation_date,c1_0.club_description,c1_0.club_name,c1_0.club_tag,c1_0.user_email from club c1_0 where c1_0.club_id=?
Hibernate: select c1_0.club_id,c1_0.club_creation_date,c1_0.club_description,c1_0.club_name,c1_0.club_tag,c1_0.user_email from club c1_0 where c1_0.club_id=?
Hibernate: select c1_0.club_id,c1_0.club_creation_date,c1_0.club_description,c1_0.club_name,c1_0.club_tag,c1_0.user_email from club c1_0 where c1_0.club_id=?
Hibernate: select c1_0.club_id,c1_0.club_creation_date,c1_0.club_description,c1_0.club_name,c1_0.club_tag,c1_0.user_email from club c1_0 where c1_0.club_id=?
Hibernate: select c1_0.club_id,c1_0.club_creation_date,c1_0.club_description,c1_0.club_name,c1_0.club_tag,c1_0.user_email from club c1_0
Hibernate: insert into club (club_creation_date,club_description,club_name,club_tag,user_email,club_id) values (?,?,?,?,?,default)
Hibernate: insert into event (club_id,event_date,event_des,event_tag,event_title,location,price,event_id) values (?,?,?,?,?,?,?,default)
Hibernate: insert into event (club_id,event_date,event_des,event_tag,event_title,location,price,event_id) values (?,?,?,?,?,?,?,default)
Hibernate: delete from event where event_id=?
Hibernate: delete from event where event_id=?
Hibernate: delete from event where event_id=?
Hibernate: delete from event where event_id=?
Hibernate: delete from event where event_id=?
Hibernate: delete from club where club_id=?
Hibernate: delete from club where club_id=?
Hibernate: delete from club where club_id=?
Hibernate: delete from club where club_id=?
Hibernate: select e1_0.event_id,e1_0.club_id,e1_0.event_date,e1_0.event_des,e1_0.event_tag,e1_0.event_title,e1_0.location,e1_0.price from event e1_0 where e1_0.club_id=? and e1_0.event_title=?
Hibernate: insert into event (club_id,event_date,event_des,event_tag,event_title,location,price,event_id) values (?,?,?,?,?,?,?,default)
Hibernate: select e1_0.event_id,e1_0.club_id,e1_0.event_date,e1_0.event_des,e1_0.event_tag,e1_0.event_title,e1_0.location,e1_0.price from event e1_0 where e1_0.club_id=? and e1_0.event_title=?
Hibernate: insert into event (club_id,event_date,event_des,event_tag,event_title,location,price,event_id) values (?,?,?,?,?,?,?,default)
Hibernate: select e1_0.event_id,e1_0.club_id,e1_0.event_date,e1_0.event_des,e1_0.event_tag,e1_0.event_title,e1_0.location,e1_0.price from event e1_0 where e1_0.club_id=? and e1_0.event_title=?
Hibernate: insert into event (club_id,event_date,event_des,event_tag,event_title,location,price,event_id) values (?,?,?,?,?,?,?,default)
Hibernate: select e1_0.event_id,e1_0.club_id,e1_0.event_date,e1_0.event_des,e1_0.event_tag,e1_0.event_title,e1_0.location,e1_0.price from event e1_0 where e1_0.event_date>=? order by e1_0.event_date fetch first ? rows only
]]></system-out>
  </testcase>
  <testcase name="searchEvents_shouldMatchTitleDescriptionTagLocation" classname="au.edu.rmit.sept.webapp.Event.EventServiceTest" time="0.016">
    <system-out><![CDATA[Hibernate: select e1_0.event_id,e1_0.club_id,e1_0.event_date,e1_0.event_des,e1_0.event_tag,e1_0.event_title,e1_0.location,e1_0.price from event e1_0
Hibernate: select c1_0.club_id,c1_0.club_creation_date,c1_0.club_description,c1_0.club_name,c1_0.club_tag,c1_0.user_email from club c1_0 where c1_0.club_id=?
Hibernate: select c1_0.club_id,c1_0.club_creation_date,c1_0.club_description,c1_0.club_name,c1_0.club_tag,c1_0.user_email from club c1_0 where c1_0.club_id=?
Hibernate: select c1_0.club_id,c1_0.club_creation_date,c1_0.club_description,c1_0.club_name,c1_0.club_tag,c1_0.user_email from club c1_0 where c1_0.club_id=?
Hibernate: select c1_0.club_id,c1_0.club_creation_date,c1_0.club_description,c1_0.club_name,c1_0.club_tag,c1_0.user_email from club c1_0 where c1_0.club_id=?
Hibernate: select c1_0.club_id,c1_0.club_creation_date,c1_0.club_description,c1_0.club_name,c1_0.club_tag,c1_0.user_email from club c1_0
Hibernate: insert into club (club_creation_date,club_description,club_name,club_tag,user_email,club_id) values (?,?,?,?,?,default)
Hibernate: delete from event where event_id=?
Hibernate: delete from event where event_id=?
Hibernate: delete from event where event_id=?
Hibernate: delete from event where event_id=?
Hibernate: delete from event where event_id=?
Hibernate: delete from club where club_id=?
Hibernate: delete from club where club_id=?
Hibernate: delete from club where club_id=?
Hibernate: delete from club where club_id=?
Hibernate: select e1_0.event_id,e1_0.club_id,e1_0.event_date,e1_0.event_des,e1_0.event_tag,e1_0.event_title,e1_0.location,e1_0.price from event e1_0 where e1_0.club_id=? and e1_0.event_title=?
Hibernate: insert into event (club_id,event_date,event_des,event_tag,event_title,location,price,event_id) values (?,?,?,?,?,?,?,default)
Hibernate: select e1_0.event_id,e1_0.club_id,e1_0.event_date,e1_0.event_des,e1_0.event_tag,e1_0.event_title,e1_0.location,e1_0.price from event e1_0 where e1_0.club_id=? and e1_0.event_title=?
Hibernate: insert into event (club_id,event_date,event_des,event_tag,event_title,location,price,event_id) values (?,?,?,?,?,?,?,default)
Hibernate: select e1_0.event_id,e1_0.club_id,e1_0.event_date,e1_0.event_des,e1_0.event_tag,e1_0.event_title,e1_0.location,e1_0.price from event e1_0 where e1_0.club_id=? and e1_0.event_title=?
Hibernate: insert into event (club_id,event_date,event_des,event_tag,event_title,location,price,event_id) values (?,?,?,?,?,?,?,default)
Hibernate: select e1_0.event_id,e1_0.club_id,e1_0.event_date,e1_0.event_des,e1_0.event_tag,e1_0.event_title,e1_0.location,e1_0.price from event e1_0 where lower(e1_0.event_title) like lower(('%'||?||'%')) escape '' or lower(e1_0.event_des) like lower(('%'||?||'%')) escape '' or lower(e1_0.event_tag) like lower(('%'||?||'%')) escape '' or lower(e1_0.location) like lower(('%'||?||'%')) escape ''
Hibernate: select e1_0.event_id,e1_0.club_id,e1_0.event_date,e1_0.event_des,e1_0.event_tag,e1_0.event_title,e1_0.location,e1_0.price from event e1_0 where lower(e1_0.event_title) like lower(('%'||?||'%')) escape '' or lower(e1_0.event_des) like lower(('%'||?||'%')) escape '' or lower(e1_0.event_tag) like lower(('%'||?||'%')) escape '' or lower(e1_0.location) like lower(('%'||?||'%')) escape ''
Hibernate: select e1_0.event_id,e1_0.club_id,e1_0.event_date,e1_0.event_des,e1_0.event_tag,e1_0.event_title,e1_0.location,e1_0.price from event e1_0 where lower(e1_0.event_title) like lower(('%'||?||'%')) escape '' or lower(e1_0.event_des) like lower(('%'||?||'%')) escape '' or lower(e1_0.event_tag) like lower(('%'||?||'%')) escape '' or lower(e1_0.location) like lower(('%'||?||'%')) escape ''
]]></system-out>
  </testcase>
  <testcase name="createEventsForDifferentClubs_shouldAssignCorrectClub" classname="au.edu.rmit.sept.webapp.Event.EventServiceTest" time="0.01">
    <system-out><![CDATA[Hibernate: select e1_0.event_id,e1_0.club_id,e1_0.event_date,e1_0.event_des,e1_0.event_tag,e1_0.event_title,e1_0.location,e1_0.price from event e1_0
Hibernate: select c1_0.club_id,c1_0.club_creation_date,c1_0.club_description,c1_0.club_name,c1_0.club_tag,c1_0.user_email from club c1_0 where c1_0.club_id=?
Hibernate: select c1_0.club_id,c1_0.club_creation_date,c1_0.club_description,c1_0.club_name,c1_0.club_tag,c1_0.user_email from club c1_0 where c1_0.club_id=?
Hibernate: select c1_0.club_id,c1_0.club_creation_date,c1_0.club_description,c1_0.club_name,c1_0.club_tag,c1_0.user_email from club c1_0 where c1_0.club_id=?
Hibernate: select c1_0.club_id,c1_0.club_creation_date,c1_0.club_description,c1_0.club_name,c1_0.club_tag,c1_0.user_email from club c1_0 where c1_0.club_id=?
Hibernate: select c1_0.club_id,c1_0.club_creation_date,c1_0.club_description,c1_0.club_name,c1_0.club_tag,c1_0.user_email from club c1_0
Hibernate: insert into club (club_creation_date,club_description,club_name,club_tag,user_email,club_id) values (?,?,?,?,?,default)
Hibernate: insert into club (club_creation_date,club_description,club_name,club_tag,user_email,club_id) values (?,?,?,?,?,default)
Hibernate: delete from event where event_id=?
Hibernate: delete from event where event_id=?
Hibernate: delete from event where event_id=?
Hibernate: delete from event where event_id=?
Hibernate: delete from event where event_id=?
Hibernate: delete from club where club_id=?
Hibernate: delete from club where club_id=?
Hibernate: delete from club where club_id=?
Hibernate: delete from club where club_id=?
Hibernate: select e1_0.event_id,e1_0.club_id,e1_0.event_date,e1_0.event_des,e1_0.event_tag,e1_0.event_title,e1_0.location,e1_0.price from event e1_0 where e1_0.club_id=? and e1_0.event_title=?
Hibernate: insert into event (club_id,event_date,event_des,event_tag,event_title,location,price,event_id) values (?,?,?,?,?,?,?,default)
Hibernate: select e1_0.event_id,e1_0.club_id,e1_0.event_date,e1_0.event_des,e1_0.event_tag,e1_0.event_title,e1_0.location,e1_0.price from event e1_0 where e1_0.club_id=? and e1_0.event_title=?
Hibernate: insert into event (club_id,event_date,event_des,event_tag,event_title,location,price,event_id) values (?,?,?,?,?,?,?,default)
]]></system-out>
  </testcase>
  <testcase name="getUpcomingEventsForDashboard_shouldReturnEmpty_whenNoFutureEvents" classname="au.edu.rmit.sept.webapp.Event.EventServiceTest" time="0.006">
    <system-out><![CDATA[Hibernate: select e1_0.event_id,e1_0.club_id,e1_0.event_date,e1_0.event_des,e1_0.event_tag,e1_0.event_title,e1_0.location,e1_0.price from event e1_0
Hibernate: select c1_0.club_id,c1_0.club_creation_date,c1_0.club_description,c1_0.club_name,c1_0.club_tag,c1_0.user_email from club c1_0 where c1_0.club_id=?
Hibernate: select c1_0.club_id,c1_0.club_creation_date,c1_0.club_description,c1_0.club_name,c1_0.club_tag,c1_0.user_email from club c1_0 where c1_0.club_id=?
Hibernate: select c1_0.club_id,c1_0.club_creation_date,c1_0.club_description,c1_0.club_name,c1_0.club_tag,c1_0.user_email from club c1_0 where c1_0.club_id=?
Hibernate: select c1_0.club_id,c1_0.club_creation_date,c1_0.club_description,c1_0.club_name,c1_0.club_tag,c1_0.user_email from club c1_0 where c1_0.club_id=?
Hibernate: select c1_0.club_id,c1_0.club_creation_date,c1_0.club_description,c1_0.club_name,c1_0.club_tag,c1_0.user_email from club c1_0
Hibernate: insert into club (club_creation_date,club_description,club_name,club_tag,user_email,club_id) values (?,?,?,?,?,default)
Hibernate: insert into event (club_id,event_date,event_des,event_tag,event_title,location,price,event_id) values (?,?,?,?,?,?,?,default)
Hibernate: insert into event (club_id,event_date,event_des,event_tag,event_title,location,price,event_id) values (?,?,?,?,?,?,?,default)
Hibernate: delete from event where event_id=?
Hibernate: delete from event where event_id=?
Hibernate: delete from event where event_id=?
Hibernate: delete from event where event_id=?
Hibernate: delete from event where event_id=?
Hibernate: delete from club where club_id=?
Hibernate: delete from club where club_id=?
Hibernate: delete from club where club_id=?
Hibernate: delete from club where club_id=?
Hibernate: select e1_0.event_id,e1_0.club_id,e1_0.event_date,e1_0.event_des,e1_0.event_tag,e1_0.event_title,e1_0.location,e1_0.price from event e1_0 where e1_0.event_date>=? order by e1_0.event_date fetch first ? rows only
]]></system-out>
  </testcase>
  <testcase name="editEventById_shouldThrowException_whenNotFound" classname="au.edu.rmit.sept.webapp.Event.EventServiceTest" time="0.008">
    <system-out><![CDATA[Hibernate: select e1_0.event_id,e1_0.club_id,e1_0.event_date,e1_0.event_des,e1_0.event_tag,e1_0.event_title,e1_0.location,e1_0.price from event e1_0
Hibernate: select c1_0.club_id,c1_0.club_creation_date,c1_0.club_description,c1_0.club_name,c1_0.club_tag,c1_0.user_email from club c1_0 where c1_0.club_id=?
Hibernate: select c1_0.club_id,c1_0.club_creation_date,c1_0.club_description,c1_0.club_name,c1_0.club_tag,c1_0.user_email from club c1_0 where c1_0.club_id=?
Hibernate: select c1_0.club_id,c1_0.club_creation_date,c1_0.club_description,c1_0.club_name,c1_0.club_tag,c1_0.user_email from club c1_0 where c1_0.club_id=?
Hibernate: select c1_0.club_id,c1_0.club_creation_date,c1_0.club_description,c1_0.club_name,c1_0.club_tag,c1_0.user_email from club c1_0 where c1_0.club_id=?
Hibernate: select c1_0.club_id,c1_0.club_creation_date,c1_0.club_description,c1_0.club_name,c1_0.club_tag,c1_0.user_email from club c1_0
Hibernate: insert into club (club_creation_date,club_description,club_name,club_tag,user_email,club_id) values (?,?,?,?,?,default)
Hibernate: delete from event where event_id=?
Hibernate: delete from event where event_id=?
Hibernate: delete from event where event_id=?
Hibernate: delete from event where event_id=?
Hibernate: delete from event where event_id=?
Hibernate: delete from club where club_id=?
Hibernate: delete from club where club_id=?
Hibernate: delete from club where club_id=?
Hibernate: delete from club where club_id=?
Hibernate: select e1_0.event_id,e1_0.club_id,e1_0.event_date,e1_0.event_des,e1_0.event_tag,e1_0.event_title,e1_0.location,e1_0.price from event e1_0 where e1_0.event_id=?
]]></system-out>
  </testcase>
  <testcase name="searchEvents_shouldReturnAll_whenQueryEmpty" classname="au.edu.rmit.sept.webapp.Event.EventServiceTest" time="0.008">
    <system-out><![CDATA[Hibernate: select e1_0.event_id,e1_0.club_id,e1_0.event_date,e1_0.event_des,e1_0.event_tag,e1_0.event_title,e1_0.location,e1_0.price from event e1_0
Hibernate: select c1_0.club_id,c1_0.club_creation_date,c1_0.club_description,c1_0.club_name,c1_0.club_tag,c1_0.user_email from club c1_0 where c1_0.club_id=?
Hibernate: select c1_0.club_id,c1_0.club_creation_date,c1_0.club_description,c1_0.club_name,c1_0.club_tag,c1_0.user_email from club c1_0 where c1_0.club_id=?
Hibernate: select c1_0.club_id,c1_0.club_creation_date,c1_0.club_description,c1_0.club_name,c1_0.club_tag,c1_0.user_email from club c1_0 where c1_0.club_id=?
Hibernate: select c1_0.club_id,c1_0.club_creation_date,c1_0.club_description,c1_0.club_name,c1_0.club_tag,c1_0.user_email from club c1_0 where c1_0.club_id=?
Hibernate: select c1_0.club_id,c1_0.club_creation_date,c1_0.club_description,c1_0.club_name,c1_0.club_tag,c1_0.user_email from club c1_0
Hibernate: insert into club (club_creation_date,club_description,club_name,club_tag,user_email,club_id) values (?,?,?,?,?,default)
Hibernate: delete from event where event_id=?
Hibernate: delete from event where event_id=?
Hibernate: delete from event where event_id=?
Hibernate: delete from event where event_id=?
Hibernate: delete from event where event_id=?
Hibernate: delete from club where club_id=?
Hibernate: delete from club where club_id=?
Hibernate: delete from club where club_id=?
Hibernate: delete from club where club_id=?
Hibernate: select e1_0.event_id,e1_0.club_id,e1_0.event_date,e1_0.event_des,e1_0.event_tag,e1_0.event_title,e1_0.location,e1_0.price from event e1_0 where e1_0.club_id=? and e1_0.event_title=?
Hibernate: insert into event (club_id,event_date,event_des,event_tag,event_title,location,price,event_id) values (?,?,?,?,?,?,?,default)
Hibernate: select e1_0.event_id,e1_0.club_id,e1_0.event_date,e1_0.event_des,e1_0.event_tag,e1_0.event_title,e1_0.location,e1_0.price from event e1_0 where e1_0.club_id=? and e1_0.event_title=?
Hibernate: insert into event (club_id,event_date,event_des,event_tag,event_title,location,price,event_id) values (?,?,?,?,?,?,?,default)
Hibernate: select e1_0.event_id,e1_0.club_id,e1_0.event_date,e1_0.event_des,e1_0.event_tag,e1_0.event_title,e1_0.location,e1_0.price from event e1_0 order by e1_0.event_date
]]></system-out>
  </testcase>
  <testcase name="createEvent_shouldThrowException_whenTitleIsNull" classname="au.edu.rmit.sept.webapp.Event.EventServiceTest" time="0.007">
    <system-out><![CDATA[Hibernate: select e1_0.event_id,e1_0.club_id,e1_0.event_date,e1_0.event_des,e1_0.event_tag,e1_0.event_title,e1_0.location,e1_0.price from event e1_0
Hibernate: select c1_0.club_id,c1_0.club_creation_date,c1_0.club_description,c1_0.club_name,c1_0.club_tag,c1_0.user_email from club c1_0 where c1_0.club_id=?
Hibernate: select c1_0.club_id,c1_0.club_creation_date,c1_0.club_description,c1_0.club_name,c1_0.club_tag,c1_0.user_email from club c1_0 where c1_0.club_id=?
Hibernate: select c1_0.club_id,c1_0.club_creation_date,c1_0.club_description,c1_0.club_name,c1_0.club_tag,c1_0.user_email from club c1_0 where c1_0.club_id=?
Hibernate: select c1_0.club_id,c1_0.club_creation_date,c1_0.club_description,c1_0.club_name,c1_0.club_tag,c1_0.user_email from club c1_0 where c1_0.club_id=?
Hibernate: select c1_0.club_id,c1_0.club_creation_date,c1_0.club_description,c1_0.club_name,c1_0.club_tag,c1_0.user_email from club c1_0
Hibernate: insert into club (club_creation_date,club_description,club_name,club_tag,user_email,club_id) values (?,?,?,?,?,default)
]]></system-out>
  </testcase>
  <testcase name="createMultipleEventsForClub_shouldSaveAllEvents" classname="au.edu.rmit.sept.webapp.Event.EventServiceTest" time="0.012">
    <system-out><![CDATA[Hibernate: select e1_0.event_id,e1_0.club_id,e1_0.event_date,e1_0.event_des,e1_0.event_tag,e1_0.event_title,e1_0.location,e1_0.price from event e1_0
Hibernate: select c1_0.club_id,c1_0.club_creation_date,c1_0.club_description,c1_0.club_name,c1_0.club_tag,c1_0.user_email from club c1_0 where c1_0.club_id=?
Hibernate: select c1_0.club_id,c1_0.club_creation_date,c1_0.club_description,c1_0.club_name,c1_0.club_tag,c1_0.user_email from club c1_0 where c1_0.club_id=?
Hibernate: select c1_0.club_id,c1_0.club_creation_date,c1_0.club_description,c1_0.club_name,c1_0.club_tag,c1_0.user_email from club c1_0 where c1_0.club_id=?
Hibernate: select c1_0.club_id,c1_0.club_creation_date,c1_0.club_description,c1_0.club_name,c1_0.club_tag,c1_0.user_email from club c1_0 where c1_0.club_id=?
Hibernate: select c1_0.club_id,c1_0.club_creation_date,c1_0.club_description,c1_0.club_name,c1_0.club_tag,c1_0.user_email from club c1_0
Hibernate: insert into club (club_creation_date,club_description,club_name,club_tag,user_email,club_id) values (?,?,?,?,?,default)
Hibernate: insert into club (club_creation_date,club_description,club_name,club_tag,user_email,club_id) values (?,?,?,?,?,default)
Hibernate: delete from event where event_id=?
Hibernate: delete from event where event_id=?
Hibernate: delete from event where event_id=?
Hibernate: delete from event where event_id=?
Hibernate: delete from event where event_id=?
Hibernate: delete from club where club_id=?
Hibernate: delete from club where club_id=?
Hibernate: delete from club where club_id=?
Hibernate: delete from club where club_id=?
Hibernate: select e1_0.event_id,e1_0.club_id,e1_0.event_date,e1_0.event_des,e1_0.event_tag,e1_0.event_title,e1_0.location,e1_0.price from event e1_0 where e1_0.club_id=? and e1_0.event_title=?
Hibernate: insert into event (club_id,event_date,event_des,event_tag,event_title,location,price,event_id) values (?,?,?,?,?,?,?,default)
Hibernate: select e1_0.event_id,e1_0.club_id,e1_0.event_date,e1_0.event_des,e1_0.event_tag,e1_0.event_title,e1_0.location,e1_0.price from event e1_0 where e1_0.club_id=? and e1_0.event_title=?
Hibernate: insert into event (club_id,event_date,event_des,event_tag,event_title,location,price,event_id) values (?,?,?,?,?,?,?,default)
Hibernate: select e1_0.event_id,e1_0.club_id,e1_0.event_date,e1_0.event_des,e1_0.event_tag,e1_0.event_title,e1_0.location,e1_0.price from event e1_0 where e1_0.club_id=? and e1_0.event_title=?
Hibernate: insert into event (club_id,event_date,event_des,event_tag,event_title,location,price,event_id) values (?,?,?,?,?,?,?,default)
Hibernate: select e1_0.event_id,e1_0.club_id,e1_0.event_date,e1_0.event_des,e1_0.event_tag,e1_0.event_title,e1_0.location,e1_0.price from event e1_0 order by e1_0.event_date
]]></system-out>
  </testcase>
  <testcase name="deleteEventById_shouldReturnTrue_whenDeleted" classname="au.edu.rmit.sept.webapp.Event.EventServiceTest" time="0.007">
    <system-out><![CDATA[Hibernate: select e1_0.event_id,e1_0.club_id,e1_0.event_date,e1_0.event_des,e1_0.event_tag,e1_0.event_title,e1_0.location,e1_0.price from event e1_0
Hibernate: select c1_0.club_id,c1_0.club_creation_date,c1_0.club_description,c1_0.club_name,c1_0.club_tag,c1_0.user_email from club c1_0 where c1_0.club_id=?
Hibernate: select c1_0.club_id,c1_0.club_creation_date,c1_0.club_description,c1_0.club_name,c1_0.club_tag,c1_0.user_email from club c1_0 where c1_0.club_id=?
Hibernate: select c1_0.club_id,c1_0.club_creation_date,c1_0.club_description,c1_0.club_name,c1_0.club_tag,c1_0.user_email from club c1_0 where c1_0.club_id=?
Hibernate: select c1_0.club_id,c1_0.club_creation_date,c1_0.club_description,c1_0.club_name,c1_0.club_tag,c1_0.user_email from club c1_0 where c1_0.club_id=?
Hibernate: select c1_0.club_id,c1_0.club_creation_date,c1_0.club_description,c1_0.club_name,c1_0.club_tag,c1_0.user_email from club c1_0
Hibernate: insert into club (club_creation_date,club_description,club_name,club_tag,user_email,club_id) values (?,?,?,?,?,default)
Hibernate: delete from event where event_id=?
Hibernate: delete from event where event_id=?
Hibernate: delete from event where event_id=?
Hibernate: delete from event where event_id=?
Hibernate: delete from event where event_id=?
Hibernate: delete from club where club_id=?
Hibernate: delete from club where club_id=?
Hibernate: delete from club where club_id=?
Hibernate: delete from club where club_id=?
Hibernate: select e1_0.event_id,e1_0.club_id,e1_0.event_date,e1_0.event_des,e1_0.event_tag,e1_0.event_title,e1_0.location,e1_0.price from event e1_0 where e1_0.club_id=? and e1_0.event_title=?
Hibernate: insert into event (club_id,event_date,event_des,event_tag,event_title,location,price,event_id) values (?,?,?,?,?,?,?,default)
Hibernate: delete from event e1_0 where e1_0.event_id=?
Hibernate: select e1_0.event_id,e1_0.club_id,e1_0.event_date,e1_0.event_des,e1_0.event_tag,e1_0.event_title,e1_0.location,e1_0.price from event e1_0 where e1_0.event_id=?
]]></system-out>
  </testcase>
  <testcase name="getEventById_shouldReturnEvent_whenExists" classname="au.edu.rmit.sept.webapp.Event.EventServiceTest" time="0.008">
    <system-out><![CDATA[Hibernate: select e1_0.event_id,e1_0.club_id,e1_0.event_date,e1_0.event_des,e1_0.event_tag,e1_0.event_title,e1_0.location,e1_0.price from event e1_0
Hibernate: select c1_0.club_id,c1_0.club_creation_date,c1_0.club_description,c1_0.club_name,c1_0.club_tag,c1_0.user_email from club c1_0 where c1_0.club_id=?
Hibernate: select c1_0.club_id,c1_0.club_creation_date,c1_0.club_description,c1_0.club_name,c1_0.club_tag,c1_0.user_email from club c1_0 where c1_0.club_id=?
Hibernate: select c1_0.club_id,c1_0.club_creation_date,c1_0.club_description,c1_0.club_name,c1_0.club_tag,c1_0.user_email from club c1_0 where c1_0.club_id=?
Hibernate: select c1_0.club_id,c1_0.club_creation_date,c1_0.club_description,c1_0.club_name,c1_0.club_tag,c1_0.user_email from club c1_0 where c1_0.club_id=?
Hibernate: select c1_0.club_id,c1_0.club_creation_date,c1_0.club_description,c1_0.club_name,c1_0.club_tag,c1_0.user_email from club c1_0
Hibernate: insert into club (club_creation_date,club_description,club_name,club_tag,user_email,club_id) values (?,?,?,?,?,default)
Hibernate: delete from event where event_id=?
Hibernate: delete from event where event_id=?
Hibernate: delete from event where event_id=?
Hibernate: delete from event where event_id=?
Hibernate: delete from event where event_id=?
Hibernate: delete from club where club_id=?
Hibernate: delete from club where club_id=?
Hibernate: delete from club where club_id=?
Hibernate: delete from club where club_id=?
Hibernate: select e1_0.event_id,e1_0.club_id,e1_0.event_date,e1_0.event_des,e1_0.event_tag,e1_0.event_title,e1_0.location,e1_0.price from event e1_0 where e1_0.club_id=? and e1_0.event_title=?
Hibernate: insert into event (club_id,event_date,event_des,event_tag,event_title,location,price,event_id) values (?,?,?,?,?,?,?,default)
Hibernate: select e1_0.event_id,e1_0.club_id,e1_0.event_date,e1_0.event_des,e1_0.event_tag,e1_0.event_title,e1_0.location,e1_0.price from event e1_0 where e1_0.event_id=?
]]></system-out>
  </testcase>
  <testcase name="deleteEventById_shouldReturnFalse_whenNotFound" classname="au.edu.rmit.sept.webapp.Event.EventServiceTest" time="0.005">
    <system-out><![CDATA[Hibernate: select e1_0.event_id,e1_0.club_id,e1_0.event_date,e1_0.event_des,e1_0.event_tag,e1_0.event_title,e1_0.location,e1_0.price from event e1_0
Hibernate: select c1_0.club_id,c1_0.club_creation_date,c1_0.club_description,c1_0.club_name,c1_0.club_tag,c1_0.user_email from club c1_0 where c1_0.club_id=?
Hibernate: select c1_0.club_id,c1_0.club_creation_date,c1_0.club_description,c1_0.club_name,c1_0.club_tag,c1_0.user_email from club c1_0 where c1_0.club_id=?
Hibernate: select c1_0.club_id,c1_0.club_creation_date,c1_0.club_description,c1_0.club_name,c1_0.club_tag,c1_0.user_email from club c1_0 where c1_0.club_id=?
Hibernate: select c1_0.club_id,c1_0.club_creation_date,c1_0.club_description,c1_0.club_name,c1_0.club_tag,c1_0.user_email from club c1_0 where c1_0.club_id=?
Hibernate: select c1_0.club_id,c1_0.club_creation_date,c1_0.club_description,c1_0.club_name,c1_0.club_tag,c1_0.user_email from club c1_0
Hibernate: insert into club (club_creation_date,club_description,club_name,club_tag,user_email,club_id) values (?,?,?,?,?,default)
Hibernate: delete from event where event_id=?
Hibernate: delete from event where event_id=?
Hibernate: delete from event where event_id=?
Hibernate: delete from event where event_id=?
Hibernate: delete from event where event_id=?
Hibernate: delete from club where club_id=?
Hibernate: delete from club where club_id=?
Hibernate: delete from club where club_id=?
Hibernate: delete from club where club_id=?
Hibernate: delete from event e1_0 where e1_0.event_id=?
]]></system-out>
  </testcase>
  <testcase name="editEventById_shouldThrowException_whenFieldsNull" classname="au.edu.rmit.sept.webapp.Event.EventServiceTest" time="0.008">
    <system-out><![CDATA[Hibernate: select e1_0.event_id,e1_0.club_id,e1_0.event_date,e1_0.event_des,e1_0.event_tag,e1_0.event_title,e1_0.location,e1_0.price from event e1_0
Hibernate: select c1_0.club_id,c1_0.club_creation_date,c1_0.club_description,c1_0.club_name,c1_0.club_tag,c1_0.user_email from club c1_0 where c1_0.club_id=?
Hibernate: select c1_0.club_id,c1_0.club_creation_date,c1_0.club_description,c1_0.club_name,c1_0.club_tag,c1_0.user_email from club c1_0 where c1_0.club_id=?
Hibernate: select c1_0.club_id,c1_0.club_creation_date,c1_0.club_description,c1_0.club_name,c1_0.club_tag,c1_0.user_email from club c1_0 where c1_0.club_id=?
Hibernate: select c1_0.club_id,c1_0.club_creation_date,c1_0.club_description,c1_0.club_name,c1_0.club_tag,c1_0.user_email from club c1_0 where c1_0.club_id=?
Hibernate: select c1_0.club_id,c1_0.club_creation_date,c1_0.club_description,c1_0.club_name,c1_0.club_tag,c1_0.user_email from club c1_0
Hibernate: insert into club (club_creation_date,club_description,club_name,club_tag,user_email,club_id) values (?,?,?,?,?,default)
Hibernate: delete from event where event_id=?
Hibernate: delete from event where event_id=?
Hibernate: delete from event where event_id=?
Hibernate: delete from event where event_id=?
Hibernate: delete from event where event_id=?
Hibernate: delete from club where club_id=?
Hibernate: delete from club where club_id=?
Hibernate: delete from club where club_id=?
Hibernate: delete from club where club_id=?
Hibernate: select e1_0.event_id,e1_0.club_id,e1_0.event_date,e1_0.event_des,e1_0.event_tag,e1_0.event_title,e1_0.location,e1_0.price from event e1_0 where e1_0.club_id=? and e1_0.event_title=?
Hibernate: insert into event (club_id,event_date,event_des,event_tag,event_title,location,price,event_id) values (?,?,?,?,?,?,?,default)
Hibernate: select e1_0.event_id,e1_0.club_id,e1_0.event_date,e1_0.event_des,e1_0.event_tag,e1_0.event_title,e1_0.location,e1_0.price from event e1_0 where e1_0.event_id=?
]]></system-out>
  </testcase>
  <testcase name="searchEvents_shouldBeCaseInsensitive" classname="au.edu.rmit.sept.webapp.Event.EventServiceTest" time="0.01">
    <system-out><![CDATA[Hibernate: select e1_0.event_id,e1_0.club_id,e1_0.event_date,e1_0.event_des,e1_0.event_tag,e1_0.event_title,e1_0.location,e1_0.price from event e1_0
Hibernate: select c1_0.club_id,c1_0.club_creation_date,c1_0.club_description,c1_0.club_name,c1_0.club_tag,c1_0.user_email from club c1_0 where c1_0.club_id=?
Hibernate: select c1_0.club_id,c1_0.club_creation_date,c1_0.club_description,c1_0.club_name,c1_0.club_tag,c1_0.user_email from club c1_0 where c1_0.club_id=?
Hibernate: select c1_0.club_id,c1_0.club_creation_date,c1_0.club_description,c1_0.club_name,c1_0.club_tag,c1_0.user_email from club c1_0 where c1_0.club_id=?
Hibernate: select c1_0.club_id,c1_0.club_creation_date,c1_0.club_description,c1_0.club_name,c1_0.club_tag,c1_0.user_email from club c1_0 where c1_0.club_id=?
Hibernate: select c1_0.club_id,c1_0.club_creation_date,c1_0.club_description,c1_0.club_name,c1_0.club_tag,c1_0.user_email from club c1_0
Hibernate: insert into club (club_creation_date,club_description,club_name,club_tag,user_email,club_id) values (?,?,?,?,?,default)
Hibernate: delete from event where event_id=?
Hibernate: delete from event where event_id=?
Hibernate: delete from event where event_id=?
Hibernate: delete from event where event_id=?
Hibernate: delete from event where event_id=?
Hibernate: delete from club where club_id=?
Hibernate: delete from club where club_id=?
Hibernate: delete from club where club_id=?
Hibernate: delete from club where club_id=?
Hibernate: select e1_0.event_id,e1_0.club_id,e1_0.event_date,e1_0.event_des,e1_0.event_tag,e1_0.event_title,e1_0.location,e1_0.price from event e1_0 where e1_0.club_id=? and e1_0.event_title=?
Hibernate: insert into event (club_id,event_date,event_des,event_tag,event_title,location,price,event_id) values (?,?,?,?,?,?,?,default)
Hibernate: select e1_0.event_id,e1_0.club_id,e1_0.event_date,e1_0.event_des,e1_0.event_tag,e1_0.event_title,e1_0.location,e1_0.price from event e1_0 where lower(e1_0.event_title) like lower(('%'||?||'%')) escape '' or lower(e1_0.event_des) like lower(('%'||?||'%')) escape '' or lower(e1_0.event_tag) like lower(('%'||?||'%')) escape '' or lower(e1_0.location) like lower(('%'||?||'%')) escape ''
Hibernate: select e1_0.event_id,e1_0.club_id,e1_0.event_date,e1_0.event_des,e1_0.event_tag,e1_0.event_title,e1_0.location,e1_0.price from event e1_0 where lower(e1_0.event_title) like lower(('%'||?||'%')) escape '' or lower(e1_0.event_des) like lower(('%'||?||'%')) escape '' or lower(e1_0.event_tag) like lower(('%'||?||'%')) escape '' or lower(e1_0.location) like lower(('%'||?||'%')) escape ''
]]></system-out>
  </testcase>
  <testcase name="createEventWithNullFields_shouldThrowException" classname="au.edu.rmit.sept.webapp.Event.EventServiceTest" time="0.005">
    <system-out><![CDATA[Hibernate: select e1_0.event_id,e1_0.club_id,e1_0.event_date,e1_0.event_des,e1_0.event_tag,e1_0.event_title,e1_0.location,e1_0.price from event e1_0
Hibernate: select c1_0.club_id,c1_0.club_creation_date,c1_0.club_description,c1_0.club_name,c1_0.club_tag,c1_0.user_email from club c1_0 where c1_0.club_id=?
Hibernate: select c1_0.club_id,c1_0.club_creation_date,c1_0.club_description,c1_0.club_name,c1_0.club_tag,c1_0.user_email from club c1_0 where c1_0.club_id=?
Hibernate: select c1_0.club_id,c1_0.club_creation_date,c1_0.club_description,c1_0.club_name,c1_0.club_tag,c1_0.user_email from club c1_0 where c1_0.club_id=?
Hibernate: select c1_0.club_id,c1_0.club_creation_date,c1_0.club_description,c1_0.club_name,c1_0.club_tag,c1_0.user_email from club c1_0 where c1_0.club_id=?
Hibernate: select c1_0.club_id,c1_0.club_creation_date,c1_0.club_description,c1_0.club_name,c1_0.club_tag,c1_0.user_email from club c1_0
Hibernate: insert into club (club_creation_date,club_description,club_name,club_tag,user_email,club_id) values (?,?,?,?,?,default)
]]></system-out>
  </testcase>
  <testcase name="getEventById_shouldReturnNull_whenNotFound" classname="au.edu.rmit.sept.webapp.Event.EventServiceTest" time="0.006">
    <system-out><![CDATA[Hibernate: select e1_0.event_id,e1_0.club_id,e1_0.event_date,e1_0.event_des,e1_0.event_tag,e1_0.event_title,e1_0.location,e1_0.price from event e1_0
Hibernate: select c1_0.club_id,c1_0.club_creation_date,c1_0.club_description,c1_0.club_name,c1_0.club_tag,c1_0.user_email from club c1_0 where c1_0.club_id=?
Hibernate: select c1_0.club_id,c1_0.club_creation_date,c1_0.club_description,c1_0.club_name,c1_0.club_tag,c1_0.user_email from club c1_0 where c1_0.club_id=?
Hibernate: select c1_0.club_id,c1_0.club_creation_date,c1_0.club_description,c1_0.club_name,c1_0.club_tag,c1_0.user_email from club c1_0 where c1_0.club_id=?
Hibernate: select c1_0.club_id,c1_0.club_creation_date,c1_0.club_description,c1_0.club_name,c1_0.club_tag,c1_0.user_email from club c1_0 where c1_0.club_id=?
Hibernate: select c1_0.club_id,c1_0.club_creation_date,c1_0.club_description,c1_0.club_name,c1_0.club_tag,c1_0.user_email from club c1_0
Hibernate: insert into club (club_creation_date,club_description,club_name,club_tag,user_email,club_id) values (?,?,?,?,?,default)
Hibernate: delete from event where event_id=?
Hibernate: delete from event where event_id=?
Hibernate: delete from event where event_id=?
Hibernate: delete from event where event_id=?
Hibernate: delete from event where event_id=?
Hibernate: delete from club where club_id=?
Hibernate: delete from club where club_id=?
Hibernate: delete from club where club_id=?
Hibernate: delete from club where club_id=?
Hibernate: select e1_0.event_id,e1_0.club_id,e1_0.event_date,e1_0.event_des,e1_0.event_tag,e1_0.event_title,e1_0.location,e1_0.price from event e1_0 where e1_0.event_id=?
]]></system-out>
  </testcase>
</testsuite>