<?xml version="1.0" encoding="UTF-8"?>
<testsuite xmlns:xsi="http://www.w3.org/2001/XMLSchema-instance" xsi:noNamespaceSchemaLocation="https://maven.apache.org/surefire/maven-surefire-plugin/xsd/surefire-test-report-3.0.xsd" version="3.0" name="au.edu.rmit.sept.webapp.Feedback.FeedbackRepositoryTest" time="0.353" tests="6" errors="0" skipped="0" failures="0">
  <properties>
[...]
</properties>
  <testcase name="findByEventId_shouldReturnEmptyList_whenNoFeedbackExists" classname="au.edu.rmit.sept.webapp.Feedback.FeedbackRepositoryTest" time="0.007">
    <system-out><![CDATA[2025-10-16T01:06:49.933+11:00  INFO 3119 --- [           main] t.c.s.AnnotationConfigContextLoaderUtils : Could not detect default configuration classes for test class [au.edu.rmit.sept.webapp.Feedback.FeedbackRepositoryTest]: FeedbackRepositoryTest does not declare any static, non-private, non-final, nested classes annotated with @Configuration.
2025-10-16T01:06:49.961+11:00  INFO 3119 --- [           main] .b.t.c.SpringBootTestContextBootstrapper : Found @SpringBootConfiguration au.edu.rmit.sept.webapp.WebappApplication for test class au.edu.rmit.sept.webapp.Feedback.FeedbackRepositoryTest
2025-10-16T01:06:49.977+11:00  INFO 3119 --- [           main] m.p.springdotenv.DotenvPropertySource    : Initialized Dotenv with DotenvConfig{directory=null, filename=null, ignoreIfMalformed=false, ignoreIfMissing=true, systemProperties=false, prefix=null}

  .   ____          _            __ _ _
 /\\ / ___'_ __ _ _(_)_ __  __ _ \ \ \ \
( ( )\___ | '_ | '_| | '_ \/ _` | \ \ \ \
 \\/  ___)| |_)| | | | | || (_| |  ) ) ) )
  '  |____| .__|_| |_|_| |_\__, | / / / /
 =========|_|==============|___/=/_/_/_/

 :: Spring Boot ::                (v3.3.2)

2025-10-16T01:06:49.989+11:00  INFO 3119 --- [           main] a.e.r.s.w.F.FeedbackRepositoryTest       : Starting FeedbackRepositoryTest using Java 17.0.6 with PID 3119 (started by yuniecho in /Users/yuniecho/Desktop/Year 2/Process and Tools/team-project-group-p04-02-1)
2025-10-16T01:06:49.989+11:00  INFO 3119 --- [           main] a.e.r.s.w.F.FeedbackRepositoryTest       : No active profile set, falling back to 1 default profile: "default"
2025-10-16T01:06:50.033+11:00  INFO 3119 --- [           main] .s.d.r.c.RepositoryConfigurationDelegate : Bootstrapping Spring Data JPA repositories in DEFAULT mode.
2025-10-16T01:06:50.041+11:00  INFO 3119 --- [           main] .s.d.r.c.RepositoryConfigurationDelegate : Finished Spring Data repository scanning in 7 ms. Found 6 JPA repository interfaces.
2025-10-16T01:06:50.049+11:00  INFO 3119 --- [           main] beddedDataSourceBeanFactoryPostProcessor : Replacing 'dataSource' DataSource bean with embedded version
2025-10-16T01:06:50.068+11:00  INFO 3119 --- [           main] o.s.j.d.e.EmbeddedDatabaseFactory        : Starting embedded database: url='jdbc:h2:mem:d17403c5-84c1-436b-a175-c54622a2e110;DB_CLOSE_DELAY=-1;DB_CLOSE_ON_EXIT=false', username='sa'
2025-10-16T01:06:50.088+11:00  INFO 3119 --- [           main] o.hibernate.jpa.internal.util.LogHelper  : HHH000204: Processing PersistenceUnitInfo [name: default]
2025-10-16T01:06:50.090+11:00  INFO 3119 --- [           main] o.h.c.internal.RegionFactoryInitiator    : HHH000026: Second-level cache disabled
2025-10-16T01:06:50.098+11:00  INFO 3119 --- [           main] o.s.o.j.p.SpringPersistenceUnitInfo      : No LoadTimeWeaver setup: ignoring JPA class transformer
2025-10-16T01:06:50.176+11:00  INFO 3119 --- [           main] o.h.e.t.j.p.i.JtaPlatformInitiator       : HHH000489: No JTA platform available (set 'hibernate.transaction.jta.platform' to enable JTA platform integration)
Hibernate: create table club (club_id bigint generated by default as identity, club_creation_date timestamp(6) not null, club_description varchar(255), club_name varchar(255), club_tag varchar(255), user_email varchar(255), primary key (club_id))
Hibernate: create table event (event_id bigint generated by default as identity, event_date date, event_des varchar(255), event_tag varchar(255), event_title varchar(255), location varchar(255), price varchar(255), club_id bigint not null, primary key (event_id))
Hibernate: create table feedback (feedback_id bigint generated by default as identity, event_id bigint not null, feedback_text varchar(200) not null, rating integer not null, submission_date timestamp(6) not null, user_email varchar(255) not null, primary key (feedback_id))
Hibernate: create table photo (photo_id bigint generated by default as identity, image_data LONGBLOB, event_id bigint not null, primary key (photo_id))
Hibernate: create table rsvp (rsvp_id bigint generated by default as identity, event_id bigint not null, rsvp_timestamp timestamp(6) not null, user_email varchar(255) not null, primary key (rsvp_id))
Hibernate: create table users (user_email varchar(255) not null, user_deactivation_status boolean not null, user_event_counter integer not null, user_join_date timestamp(6) not null, user_name varchar(100) not null, user_password varchar(255) not null, user_type varchar(50) not null, primary key (user_email))
Hibernate: alter table if exists rsvp drop constraint if exists UKj05hgolfoj7d3xre8au9ehkn7
Hibernate: alter table if exists rsvp add constraint UKj05hgolfoj7d3xre8au9ehkn7 unique (user_email, event_id)
Hibernate: alter table if exists event add constraint FKge5xi5nf69096gtcjwjtup8wm foreign key (club_id) references club
Hibernate: alter table if exists photo add constraint FKdbadfit090kvl159gty4hl5so foreign key (event_id) references event
2025-10-16T01:06:50.182+11:00  INFO 3119 --- [           main] j.LocalContainerEntityManagerFactoryBean : Initialized JPA EntityManagerFactory for persistence unit 'default'
2025-10-16T01:06:50.249+11:00  INFO 3119 --- [           main] a.e.r.s.w.F.FeedbackRepositoryTest       : Started FeedbackRepositoryTest in 0.281 seconds (process running for 7.105)
Hibernate: select f1_0.feedback_id,f1_0.event_id,f1_0.feedback_text,f1_0.rating,f1_0.submission_date,f1_0.user_email from feedback f1_0 where f1_0.event_id=?
]]></system-out>
  </testcase>
  <testcase name="findByUserEmail_shouldReturnAllFeedback_forGivenUser" classname="au.edu.rmit.sept.webapp.Feedback.FeedbackRepositoryTest" time="0.004">
    <system-out><![CDATA[Hibernate: insert into feedback (event_id,feedback_text,rating,submission_date,user_email,feedback_id) values (?,?,?,?,?,default)
Hibernate: insert into feedback (event_id,feedback_text,rating,submission_date,user_email,feedback_id) values (?,?,?,?,?,default)
Hibernate: select f1_0.feedback_id,f1_0.event_id,f1_0.feedback_text,f1_0.rating,f1_0.submission_date,f1_0.user_email from feedback f1_0 where f1_0.user_email=?
]]></system-out>
  </testcase>
  <testcase name="findByEventIdAndUserEmail_shouldReturnFeedback_forSpecificUserAndEvent" classname="au.edu.rmit.sept.webapp.Feedback.FeedbackRepositoryTest" time="0.004">
    <system-out><![CDATA[Hibernate: insert into feedback (event_id,feedback_text,rating,submission_date,user_email,feedback_id) values (?,?,?,?,?,default)
Hibernate: insert into feedback (event_id,feedback_text,rating,submission_date,user_email,feedback_id) values (?,?,?,?,?,default)
Hibernate: select f1_0.feedback_id,f1_0.event_id,f1_0.feedback_text,f1_0.rating,f1_0.submission_date,f1_0.user_email from feedback f1_0 where f1_0.event_id=? and f1_0.user_email=?
]]></system-out>
  </testcase>
  <testcase name="existsByEventIdAndUserEmail_shouldReturnTrueForExistingFeedback" classname="au.edu.rmit.sept.webapp.Feedback.FeedbackRepositoryTest" time="0.004">
    <system-out><![CDATA[Hibernate: insert into feedback (event_id,feedback_text,rating,submission_date,user_email,feedback_id) values (?,?,?,?,?,default)
Hibernate: select f1_0.feedback_id from feedback f1_0 where f1_0.event_id=? and f1_0.user_email=? fetch first ? rows only
Hibernate: select f1_0.feedback_id from feedback f1_0 where f1_0.event_id=? and f1_0.user_email=? fetch first ? rows only
]]></system-out>
  </testcase>
  <testcase name="saveFeedback_shouldPersistFeedbackCorrectly" classname="au.edu.rmit.sept.webapp.Feedback.FeedbackRepositoryTest" time="0.004">
    <system-out><![CDATA[Hibernate: insert into feedback (event_id,feedback_text,rating,submission_date,user_email,feedback_id) values (?,?,?,?,?,default)
]]></system-out>
  </testcase>
  <testcase name="findByEventId_shouldReturnAllFeedback_forGivenEvent" classname="au.edu.rmit.sept.webapp.Feedback.FeedbackRepositoryTest" time="0.004">
    <system-out><![CDATA[Hibernate: insert into feedback (event_id,feedback_text,rating,submission_date,user_email,feedback_id) values (?,?,?,?,?,default)
Hibernate: insert into feedback (event_id,feedback_text,rating,submission_date,user_email,feedback_id) values (?,?,?,?,?,default)
Hibernate: select f1_0.feedback_id,f1_0.event_id,f1_0.feedback_text,f1_0.rating,f1_0.submission_date,f1_0.user_email from feedback f1_0 where f1_0.event_id=?
]]></system-out>
  </testcase>
</testsuite>