<?xml version="1.0" encoding="UTF-8"?>
<testsuite xmlns:xsi="http://www.w3.org/2001/XMLSchema-instance" xsi:noNamespaceSchemaLocation="https://maven.apache.org/surefire/maven-surefire-plugin/xsd/surefire-test-report-3.0.xsd" version="3.0" name="au.edu.rmit.sept.webapp.Club.ClubRepositoryTest" time="5.522" tests="11" errors="0" skipped="0" failures="0">
  <properties>
[...]
</properties>
  <testcase name="findById_shouldReturnEmpty_whenClubDoesNotExist" classname="au.edu.rmit.sept.webapp.Club.ClubRepositoryTest" time="0.661">
    <system-out><![CDATA[01:06:44.088 [main] INFO org.springframework.test.context.support.AnnotationConfigContextLoaderUtils -- Could not detect default configuration classes for test class [au.edu.rmit.sept.webapp.Club.ClubRepositoryTest]: ClubRepositoryTest does not declare any static, non-private, non-final, nested classes annotated with @Configuration.
01:06:44.172 [main] INFO org.springframework.boot.test.context.SpringBootTestContextBootstrapper -- Found @SpringBootConfiguration au.edu.rmit.sept.webapp.WebappApplication for test class au.edu.rmit.sept.webapp.Club.ClubRepositoryTest

  .   ____          _            __ _ _
 /\\ / ___'_ __ _ _(_)_ __  __ _ \ \ \ \
( ( )\___ | '_ | '_| | '_ \/ _` | \ \ \ \
 \\/  ___)| |_)| | | | | || (_| |  ) ) ) )
  '  |____| .__|_| |_|_| |_\__, | / / / /
 =========|_|==============|___/=/_/_/_/

 :: Spring Boot ::                (v3.3.2)

2025-10-16T01:06:44.487+11:00  INFO 3119 --- [           main] a.e.r.s.webapp.Club.ClubRepositoryTest   : Starting ClubRepositoryTest using Java 17.0.6 with PID 3119 (started by yuniecho in /Users/yuniecho/Desktop/Year 2/Process and Tools/team-project-group-p04-02-1)
2025-10-16T01:06:44.488+11:00  INFO 3119 --- [           main] a.e.r.s.webapp.Club.ClubRepositoryTest   : No active profile set, falling back to 1 default profile: "default"
2025-10-16T01:06:44.986+11:00  INFO 3119 --- [           main] .s.d.r.c.RepositoryConfigurationDelegate : Bootstrapping Spring Data JPA repositories in DEFAULT mode.
2025-10-16T01:06:45.035+11:00  INFO 3119 --- [           main] .s.d.r.c.RepositoryConfigurationDelegate : Finished Spring Data repository scanning in 41 ms. Found 6 JPA repository interfaces.
2025-10-16T01:06:45.408+11:00  INFO 3119 --- [           main] o.hibernate.jpa.internal.util.LogHelper  : HHH000204: Processing PersistenceUnitInfo [name: default]
2025-10-16T01:06:45.475+11:00  INFO 3119 --- [           main] org.hibernate.Version                    : HHH000412: Hibernate ORM core version 6.5.2.Final
2025-10-16T01:06:45.505+11:00  INFO 3119 --- [           main] o.h.c.internal.RegionFactoryInitiator    : HHH000026: Second-level cache disabled
2025-10-16T01:06:45.760+11:00  INFO 3119 --- [           main] o.s.o.j.p.SpringPersistenceUnitInfo      : No LoadTimeWeaver setup: ignoring JPA class transformer
2025-10-16T01:06:45.783+11:00  INFO 3119 --- [           main] com.zaxxer.hikari.HikariDataSource       : HikariPool-1 - Starting...
2025-10-16T01:06:45.979+11:00  INFO 3119 --- [           main] com.zaxxer.hikari.pool.HikariPool        : HikariPool-1 - Added connection conn0: url=jdbc:h2:mem:testdb user=SA
2025-10-16T01:06:45.980+11:00  INFO 3119 --- [           main] com.zaxxer.hikari.HikariDataSource       : HikariPool-1 - Start completed.
2025-10-16T01:06:46.733+11:00  INFO 3119 --- [           main] o.h.e.t.j.p.i.JtaPlatformInitiator       : HHH000489: No JTA platform available (set 'hibernate.transaction.jta.platform' to enable JTA platform integration)
Hibernate: create table club (club_id bigint generated by default as identity, club_creation_date timestamp(6) not null, club_description varchar(255), club_name varchar(255), club_tag varchar(255), user_email varchar(255), primary key (club_id))
Hibernate: create table event (event_id bigint generated by default as identity, event_date date, event_des varchar(255), event_tag varchar(255), event_title varchar(255), location varchar(255), price varchar(255), club_id bigint not null, primary key (event_id))
Hibernate: create table feedback (feedback_id bigint generated by default as identity, event_id bigint not null, feedback_text varchar(200) not null, rating integer not null, submission_date timestamp(6) not null, user_email varchar(255) not null, primary key (feedback_id))
Hibernate: create table photo (photo_id bigint generated by default as identity, image_data LONGBLOB, event_id bigint not null, primary key (photo_id))
Hibernate: create table rsvp (rsvp_id bigint generated by default as identity, event_id bigint not null, rsvp_timestamp timestamp(6) not null, user_email varchar(255) not null, primary key (rsvp_id))
Hibernate: create table users (user_email varchar(255) not null, user_deactivation_status boolean not null, user_event_counter integer not null, user_join_date timestamp(6) not null, user_name varchar(100) not null, user_password varchar(255) not null, user_type varchar(50) not null, primary key (user_email))
Hibernate: alter table if exists rsvp drop constraint if exists UKj05hgolfoj7d3xre8au9ehkn7
Hibernate: alter table if exists rsvp add constraint UKj05hgolfoj7d3xre8au9ehkn7 unique (user_email, event_id)
Hibernate: alter table if exists event add constraint FKge5xi5nf69096gtcjwjtup8wm foreign key (club_id) references club
Hibernate: alter table if exists photo add constraint FKdbadfit090kvl159gty4hl5so foreign key (event_id) references event
2025-10-16T01:06:46.804+11:00  INFO 3119 --- [           main] j.LocalContainerEntityManagerFactoryBean : Initialized JPA EntityManagerFactory for persistence unit 'default'
2025-10-16T01:06:47.030+11:00  INFO 3119 --- [           main] o.s.d.j.r.query.QueryEnhancerFactory     : Hibernate is in classpath; If applicable, HQL parser will be used.
2025-10-16T01:06:48.135+11:00  WARN 3119 --- [           main] JpaBaseConfiguration$JpaWebConfiguration : spring.jpa.open-in-view is enabled by default. Therefore, database queries may be performed during view rendering. Explicitly configure spring.jpa.open-in-view to disable this warning
2025-10-16T01:06:48.395+11:00  INFO 3119 --- [           main] o.s.b.a.h2.H2ConsoleAutoConfiguration    : H2 console available at '/h2-console'. Database available at 'jdbc:h2:mem:testdb'
2025-10-16T01:06:48.446+11:00  INFO 3119 --- [           main] a.e.r.s.webapp.Club.ClubRepositoryTest   : Started ClubRepositoryTest in 4.139 seconds (process running for 5.302)
Hibernate: select e1_0.event_id,e1_0.club_id,e1_0.event_date,e1_0.event_des,e1_0.event_tag,e1_0.event_title,e1_0.location,e1_0.price from event e1_0
Hibernate: select c1_0.club_id,c1_0.club_creation_date,c1_0.club_description,c1_0.club_name,c1_0.club_tag,c1_0.user_email from club c1_0
Hibernate: select c1_0.club_id,c1_0.club_creation_date,c1_0.club_description,c1_0.club_name,c1_0.club_tag,c1_0.user_email from club c1_0 where c1_0.club_id=?
]]></system-out>
  </testcase>
  <testcase name="saveAndFindAllClubs_shouldReturnAllClubs_whenMultipleSaved" classname="au.edu.rmit.sept.webapp.Club.ClubRepositoryTest" time="0.191">
    <system-out><![CDATA[Hibernate: select e1_0.event_id,e1_0.club_id,e1_0.event_date,e1_0.event_des,e1_0.event_tag,e1_0.event_title,e1_0.location,e1_0.price from event e1_0
Hibernate: select c1_0.club_id,c1_0.club_creation_date,c1_0.club_description,c1_0.club_name,c1_0.club_tag,c1_0.user_email from club c1_0
Hibernate: insert into club (club_creation_date,club_description,club_name,club_tag,user_email,club_id) values (?,?,?,?,?,default)
Hibernate: insert into club (club_creation_date,club_description,club_name,club_tag,user_email,club_id) values (?,?,?,?,?,default)
Hibernate: insert into club (club_creation_date,club_description,club_name,club_tag,user_email,club_id) values (?,?,?,?,?,default)
Hibernate: select c1_0.club_id,c1_0.club_creation_date,c1_0.club_description,c1_0.club_name,c1_0.club_tag,c1_0.user_email from club c1_0
]]></system-out>
  </testcase>
  <testcase name="saveClubs_shouldAllowDifferentTags_whenMultipleTagsProvided" classname="au.edu.rmit.sept.webapp.Club.ClubRepositoryTest" time="0.012">
    <system-out><![CDATA[Hibernate: select e1_0.event_id,e1_0.club_id,e1_0.event_date,e1_0.event_des,e1_0.event_tag,e1_0.event_title,e1_0.location,e1_0.price from event e1_0
Hibernate: select c1_0.club_id,c1_0.club_creation_date,c1_0.club_description,c1_0.club_name,c1_0.club_tag,c1_0.user_email from club c1_0
Hibernate: insert into club (club_creation_date,club_description,club_name,club_tag,user_email,club_id) values (?,?,?,?,?,default)
Hibernate: insert into club (club_creation_date,club_description,club_name,club_tag,user_email,club_id) values (?,?,?,?,?,default)
Hibernate: insert into club (club_creation_date,club_description,club_name,club_tag,user_email,club_id) values (?,?,?,?,?,default)
Hibernate: select c1_0.club_id,c1_0.club_creation_date,c1_0.club_description,c1_0.club_name,c1_0.club_tag,c1_0.user_email from club c1_0
]]></system-out>
  </testcase>
  <testcase name="updateClub_shouldPersistChanges_whenClubUpdated" classname="au.edu.rmit.sept.webapp.Club.ClubRepositoryTest" time="0.015">
    <system-out><![CDATA[Hibernate: select e1_0.event_id,e1_0.club_id,e1_0.event_date,e1_0.event_des,e1_0.event_tag,e1_0.event_title,e1_0.location,e1_0.price from event e1_0
Hibernate: select c1_0.club_id,c1_0.club_creation_date,c1_0.club_description,c1_0.club_name,c1_0.club_tag,c1_0.user_email from club c1_0
Hibernate: insert into club (club_creation_date,club_description,club_name,club_tag,user_email,club_id) values (?,?,?,?,?,default)
]]></system-out>
  </testcase>
  <testcase name="clubCreationDate_shouldBeAutoSet_whenClubIsSaved" classname="au.edu.rmit.sept.webapp.Club.ClubRepositoryTest" time="0.008">
    <system-out><![CDATA[Hibernate: select e1_0.event_id,e1_0.club_id,e1_0.event_date,e1_0.event_des,e1_0.event_tag,e1_0.event_title,e1_0.location,e1_0.price from event e1_0
Hibernate: select c1_0.club_id,c1_0.club_creation_date,c1_0.club_description,c1_0.club_name,c1_0.club_tag,c1_0.user_email from club c1_0
Hibernate: insert into club (club_creation_date,club_description,club_name,club_tag,user_email,club_id) values (?,?,?,?,?,default)
]]></system-out>
  </testcase>
  <testcase name="count_shouldIncrease_whenNewClubsAreSaved" classname="au.edu.rmit.sept.webapp.Club.ClubRepositoryTest" time="0.017">
    <system-out><![CDATA[Hibernate: select e1_0.event_id,e1_0.club_id,e1_0.event_date,e1_0.event_des,e1_0.event_tag,e1_0.event_title,e1_0.location,e1_0.price from event e1_0
Hibernate: select c1_0.club_id,c1_0.club_creation_date,c1_0.club_description,c1_0.club_name,c1_0.club_tag,c1_0.user_email from club c1_0
Hibernate: select count(*) from club c1_0
Hibernate: insert into club (club_creation_date,club_description,club_name,club_tag,user_email,club_id) values (?,?,?,?,?,default)
Hibernate: select count(*) from club c1_0
Hibernate: insert into club (club_creation_date,club_description,club_name,club_tag,user_email,club_id) values (?,?,?,?,?,default)
Hibernate: select count(*) from club c1_0
]]></system-out>
  </testcase>
  <testcase name="deleteAll_shouldRemoveAllClubs_whenRepositoryNotEmpty" classname="au.edu.rmit.sept.webapp.Club.ClubRepositoryTest" time="0.018">
    <system-out><![CDATA[Hibernate: select e1_0.event_id,e1_0.club_id,e1_0.event_date,e1_0.event_des,e1_0.event_tag,e1_0.event_title,e1_0.location,e1_0.price from event e1_0
Hibernate: select c1_0.club_id,c1_0.club_creation_date,c1_0.club_description,c1_0.club_name,c1_0.club_tag,c1_0.user_email from club c1_0
Hibernate: insert into club (club_creation_date,club_description,club_name,club_tag,user_email,club_id) values (?,?,?,?,?,default)
Hibernate: insert into club (club_creation_date,club_description,club_name,club_tag,user_email,club_id) values (?,?,?,?,?,default)
Hibernate: insert into club (club_creation_date,club_description,club_name,club_tag,user_email,club_id) values (?,?,?,?,?,default)
Hibernate: select count(*) from club c1_0
Hibernate: select c1_0.club_id,c1_0.club_creation_date,c1_0.club_description,c1_0.club_name,c1_0.club_tag,c1_0.user_email from club c1_0
Hibernate: delete from club where club_id=?
Hibernate: delete from club where club_id=?
Hibernate: delete from club where club_id=?
Hibernate: select count(*) from club c1_0
Hibernate: select c1_0.club_id,c1_0.club_creation_date,c1_0.club_description,c1_0.club_name,c1_0.club_tag,c1_0.user_email from club c1_0
]]></system-out>
  </testcase>
  <testcase name="deleteById_shouldRemoveClub_whenClubExists" classname="au.edu.rmit.sept.webapp.Club.ClubRepositoryTest" time="0.009">
    <system-out><![CDATA[Hibernate: select e1_0.event_id,e1_0.club_id,e1_0.event_date,e1_0.event_des,e1_0.event_tag,e1_0.event_title,e1_0.location,e1_0.price from event e1_0
Hibernate: select c1_0.club_id,c1_0.club_creation_date,c1_0.club_description,c1_0.club_name,c1_0.club_tag,c1_0.user_email from club c1_0
Hibernate: insert into club (club_creation_date,club_description,club_name,club_tag,user_email,club_id) values (?,?,?,?,?,default)
]]></system-out>
  </testcase>
  <testcase name="saveAndFindClub_shouldReturnClub_whenSavedSuccessfully" classname="au.edu.rmit.sept.webapp.Club.ClubRepositoryTest" time="0.006">
    <system-out><![CDATA[Hibernate: select e1_0.event_id,e1_0.club_id,e1_0.event_date,e1_0.event_des,e1_0.event_tag,e1_0.event_title,e1_0.location,e1_0.price from event e1_0
Hibernate: select c1_0.club_id,c1_0.club_creation_date,c1_0.club_description,c1_0.club_name,c1_0.club_tag,c1_0.user_email from club c1_0
Hibernate: insert into club (club_creation_date,club_description,club_name,club_tag,user_email,club_id) values (?,?,?,?,?,default)
]]></system-out>
  </testcase>
  <testcase name="clubId_shouldBeAutoGeneratedAndUnique_whenClubsAreSaved" classname="au.edu.rmit.sept.webapp.Club.ClubRepositoryTest" time="0.008">
    <system-out><![CDATA[Hibernate: select e1_0.event_id,e1_0.club_id,e1_0.event_date,e1_0.event_des,e1_0.event_tag,e1_0.event_title,e1_0.location,e1_0.price from event e1_0
Hibernate: select c1_0.club_id,c1_0.club_creation_date,c1_0.club_description,c1_0.club_name,c1_0.club_tag,c1_0.user_email from club c1_0
Hibernate: insert into club (club_creation_date,club_description,club_name,club_tag,user_email,club_id) values (?,?,?,?,?,default)
Hibernate: insert into club (club_creation_date,club_description,club_name,club_tag,user_email,club_id) values (?,?,?,?,?,default)
]]></system-out>
  </testcase>
  <testcase name="existsById_shouldReturnTrueOrFalse_whenCheckingClubExistence" classname="au.edu.rmit.sept.webapp.Club.ClubRepositoryTest" time="0.015">
    <system-out><![CDATA[Hibernate: select e1_0.event_id,e1_0.club_id,e1_0.event_date,e1_0.event_des,e1_0.event_tag,e1_0.event_title,e1_0.location,e1_0.price from event e1_0
Hibernate: select c1_0.club_id,c1_0.club_creation_date,c1_0.club_description,c1_0.club_name,c1_0.club_tag,c1_0.user_email from club c1_0
Hibernate: insert into club (club_creation_date,club_description,club_name,club_tag,user_email,club_id) values (?,?,?,?,?,default)
Hibernate: select count(*) from club c1_0 where c1_0.club_id=?
Hibernate: select count(*) from club c1_0 where c1_0.club_id=?
]]></system-out>
  </testcase>
</testsuite>