<?xml version="1.0" encoding="UTF-8"?>
<testsuite xmlns:xsi="http://www.w3.org/2001/XMLSchema-instance" xsi:noNamespaceSchemaLocation="https://maven.apache.org/surefire/maven-surefire-plugin/xsd/surefire-test-report-3.0.xsd" version="3.0" name="au.edu.rmit.sept.webapp.User.UserRepositoryTest" time="0.051" tests="5" errors="0" skipped="0" failures="0">
  <properties>
[...]
</properties>
  <testcase name="searchUsers_shouldReturnMatchingUsers_whenQueryMatchesEmailNameOrType" classname="au.edu.rmit.sept.webapp.User.UserRepositoryTest" time="0.029">
    <system-out><![CDATA[2025-10-16T01:06:49.879+11:00  INFO 3119 --- [           main] t.c.s.AnnotationConfigContextLoaderUtils : Could not detect default configuration classes for test class [au.edu.rmit.sept.webapp.User.UserRepositoryTest]: UserRepositoryTest does not declare any static, non-private, non-final, nested classes annotated with @Configuration.
2025-10-16T01:06:49.879+11:00  INFO 3119 --- [           main] .b.t.c.SpringBootTestContextBootstrapper : Found @SpringBootConfiguration au.edu.rmit.sept.webapp.WebappApplication for test class au.edu.rmit.sept.webapp.User.UserRepositoryTest
Hibernate: select u1_0.user_email,u1_0.user_deactivation_status,u1_0.user_event_counter,u1_0.user_join_date,u1_0.user_name,u1_0.user_password,u1_0.user_type from users u1_0 where u1_0.user_email=?
Hibernate: insert into users (user_deactivation_status,user_event_counter,user_join_date,user_name,user_password,user_type,user_email) values (?,?,?,?,?,?,?)
Hibernate: select u1_0.user_email,u1_0.user_deactivation_status,u1_0.user_event_counter,u1_0.user_join_date,u1_0.user_name,u1_0.user_password,u1_0.user_type from users u1_0 where u1_0.user_email=?
Hibernate: insert into users (user_deactivation_status,user_event_counter,user_join_date,user_name,user_password,user_type,user_email) values (?,?,?,?,?,?,?)
Hibernate: select u1_0.user_email,u1_0.user_deactivation_status,u1_0.user_event_counter,u1_0.user_join_date,u1_0.user_name,u1_0.user_password,u1_0.user_type from users u1_0 where u1_0.user_email=?
Hibernate: insert into users (user_deactivation_status,user_event_counter,user_join_date,user_name,user_password,user_type,user_email) values (?,?,?,?,?,?,?)
Hibernate: select u1_0.user_email,u1_0.user_deactivation_status,u1_0.user_event_counter,u1_0.user_join_date,u1_0.user_name,u1_0.user_password,u1_0.user_type from users u1_0 where u1_0.user_email=?
Hibernate: insert into users (user_deactivation_status,user_event_counter,user_join_date,user_name,user_password,user_type,user_email) values (?,?,?,?,?,?,?)
Hibernate: select u1_0.user_email,u1_0.user_deactivation_status,u1_0.user_event_counter,u1_0.user_join_date,u1_0.user_name,u1_0.user_password,u1_0.user_type from users u1_0 where u1_0.user_email=?
Hibernate: insert into users (user_deactivation_status,user_event_counter,user_join_date,user_name,user_password,user_type,user_email) values (?,?,?,?,?,?,?)
Hibernate: select u1_0.user_email,u1_0.user_deactivation_status,u1_0.user_event_counter,u1_0.user_join_date,u1_0.user_name,u1_0.user_password,u1_0.user_type from users u1_0 where u1_0.user_email=?
Hibernate: insert into users (user_deactivation_status,user_event_counter,user_join_date,user_name,user_password,user_type,user_email) values (?,?,?,?,?,?,?)
Hibernate: select u1_0.user_email,u1_0.user_deactivation_status,u1_0.user_event_counter,u1_0.user_join_date,u1_0.user_name,u1_0.user_password,u1_0.user_type from users u1_0 where u1_0.user_email=?
Hibernate: insert into users (user_deactivation_status,user_event_counter,user_join_date,user_name,user_password,user_type,user_email) values (?,?,?,?,?,?,?)
Hibernate: select u1_0.user_email,u1_0.user_deactivation_status,u1_0.user_event_counter,u1_0.user_join_date,u1_0.user_name,u1_0.user_password,u1_0.user_type from users u1_0 where u1_0.user_email=?
Hibernate: insert into users (user_deactivation_status,user_event_counter,user_join_date,user_name,user_password,user_type,user_email) values (?,?,?,?,?,?,?)
Hibernate: select u1_0.user_email,u1_0.user_deactivation_status,u1_0.user_event_counter,u1_0.user_join_date,u1_0.user_name,u1_0.user_password,u1_0.user_type from users u1_0 where u1_0.user_email=?
Hibernate: insert into users (user_deactivation_status,user_event_counter,user_join_date,user_name,user_password,user_type,user_email) values (?,?,?,?,?,?,?)
Hibernate: select u1_0.user_email,u1_0.user_deactivation_status,u1_0.user_event_counter,u1_0.user_join_date,u1_0.user_name,u1_0.user_password,u1_0.user_type from users u1_0 where u1_0.user_email=?
Hibernate: insert into users (user_deactivation_status,user_event_counter,user_join_date,user_name,user_password,user_type,user_email) values (?,?,?,?,?,?,?)
Hibernate: select u1_0.user_email,u1_0.user_deactivation_status,u1_0.user_event_counter,u1_0.user_join_date,u1_0.user_name,u1_0.user_password,u1_0.user_type from users u1_0 where u1_0.user_email=?
Hibernate: insert into users (user_deactivation_status,user_event_counter,user_join_date,user_name,user_password,user_type,user_email) values (?,?,?,?,?,?,?)
Hibernate: select u1_0.user_email,u1_0.user_deactivation_status,u1_0.user_event_counter,u1_0.user_join_date,u1_0.user_name,u1_0.user_password,u1_0.user_type from users u1_0 where lower(u1_0.user_email) like lower(('%'||?||'%')) escape '' or lower(u1_0.user_name) like lower(('%'||?||'%')) escape '' or lower(u1_0.user_type) like lower(('%'||?||'%')) escape ''
Hibernate: select u1_0.user_email,u1_0.user_deactivation_status,u1_0.user_event_counter,u1_0.user_join_date,u1_0.user_name,u1_0.user_password,u1_0.user_type from users u1_0 where lower(u1_0.user_email) like lower(('%'||?||'%')) escape '' or lower(u1_0.user_name) like lower(('%'||?||'%')) escape '' or lower(u1_0.user_type) like lower(('%'||?||'%')) escape ''
Hibernate: select u1_0.user_email,u1_0.user_deactivation_status,u1_0.user_event_counter,u1_0.user_join_date,u1_0.user_name,u1_0.user_password,u1_0.user_type from users u1_0 where lower(u1_0.user_email) like lower(('%'||?||'%')) escape '' or lower(u1_0.user_name) like lower(('%'||?||'%')) escape '' or lower(u1_0.user_type) like lower(('%'||?||'%')) escape ''
]]></system-out>
  </testcase>
  <testcase name="deleteByEmail_shouldRemoveUser_whenUserExists" classname="au.edu.rmit.sept.webapp.User.UserRepositoryTest" time="0.004">
    <system-out><![CDATA[Hibernate: select u1_0.user_email,u1_0.user_deactivation_status,u1_0.user_event_counter,u1_0.user_join_date,u1_0.user_name,u1_0.user_password,u1_0.user_type from users u1_0 where u1_0.user_email=?
Hibernate: insert into users (user_deactivation_status,user_event_counter,user_join_date,user_name,user_password,user_type,user_email) values (?,?,?,?,?,?,?)
Hibernate: delete from users u1_0 where u1_0.user_email=?
Hibernate: select u1_0.user_email from users u1_0 where u1_0.user_email=? fetch first ? rows only
]]></system-out>
  </testcase>
  <testcase name="saveAndFindUser_shouldReturnUser_whenValidUserData" classname="au.edu.rmit.sept.webapp.User.UserRepositoryTest" time="0.004">
    <system-out><![CDATA[Hibernate: select u1_0.user_email,u1_0.user_deactivation_status,u1_0.user_event_counter,u1_0.user_join_date,u1_0.user_name,u1_0.user_password,u1_0.user_type from users u1_0 where u1_0.user_email=?
Hibernate: insert into users (user_deactivation_status,user_event_counter,user_join_date,user_name,user_password,user_type,user_email) values (?,?,?,?,?,?,?)
Hibernate: select u1_0.user_email,u1_0.user_deactivation_status,u1_0.user_event_counter,u1_0.user_join_date,u1_0.user_name,u1_0.user_password,u1_0.user_type from users u1_0 where u1_0.user_email=?
]]></system-out>
  </testcase>
  <testcase name="getByUserEmail_shouldReturnUser_whenEmailMatches" classname="au.edu.rmit.sept.webapp.User.UserRepositoryTest" time="0.004">
    <system-out><![CDATA[Hibernate: select u1_0.user_email,u1_0.user_deactivation_status,u1_0.user_event_counter,u1_0.user_join_date,u1_0.user_name,u1_0.user_password,u1_0.user_type from users u1_0 where u1_0.user_email=?
Hibernate: insert into users (user_deactivation_status,user_event_counter,user_join_date,user_name,user_password,user_type,user_email) values (?,?,?,?,?,?,?)
Hibernate: select u1_0.user_email,u1_0.user_deactivation_status,u1_0.user_event_counter,u1_0.user_join_date,u1_0.user_name,u1_0.user_password,u1_0.user_type from users u1_0 where u1_0.user_email=?
]]></system-out>
  </testcase>
  <testcase name="existsByUserEmail_shouldReturnTrue_whenUserExists" classname="au.edu.rmit.sept.webapp.User.UserRepositoryTest" time="0.003">
    <system-out><![CDATA[Hibernate: select u1_0.user_email,u1_0.user_deactivation_status,u1_0.user_event_counter,u1_0.user_join_date,u1_0.user_name,u1_0.user_password,u1_0.user_type from users u1_0 where u1_0.user_email=?
Hibernate: insert into users (user_deactivation_status,user_event_counter,user_join_date,user_name,user_password,user_type,user_email) values (?,?,?,?,?,?,?)
Hibernate: select u1_0.user_email from users u1_0 where u1_0.user_email=? fetch first ? rows only
]]></system-out>
  </testcase>
</testsuite>